<?xml version="1.0" encoding="UTF-8"?>
<!DOCTYPE suite SYSTEM "https://testng.org/testng-1.0.dtd">
<suite name="Test suite" parallel="tests" thread-count="4" verbose="1">

  <test name="best-seller-test">
    <classes>
      <class name="com.testautomation.tests.BestSellerProductCheckoutTest"/>
    </classes>
  </test>

  <listeners>

    <listener class-name="com.testautomation.listeners.TestListener"/>
  </listeners>
</suite>